<?xml version="1.0" encoding="UTF-8"?>
<!-- Generated by org.testng.reporters.JUnitReportReporter -->
<testsuite skipped="0" hostname="Tetianas-MacBook-Pro.local" name="CalculatorTest" tests="4" failures="0" timestamp="09 Oct 2020 18:53:39 GMT" time="0.000" errors="0">
  <testcase name="test2Multiply" time="0.000" classname="CalculatorTest"/>
  <testcase name="test1Multiply" time="0.000" classname="CalculatorTest"/>
  <testcase name="test1Sum" time="0.000" classname="CalculatorTest"/>
  <testcase name="test3Sum" time="0.000" classname="CalculatorTest"/>
</testsuite> <!-- CalculatorTest -->
