<?xml version="1.0" encoding="UTF-8"?>
<!-- Generated by org.testng.reporters.JUnitReportReporter -->
<testsuite skipped="0" hostname="Tetianas-MacBook-Pro.local" name="StringWorkerTest" tests="1" failures="0" timestamp="09 Oct 2020 18:53:44 GMT" time="0.002" errors="0">
  <testcase name="test1StringWorker" time="0.002" classname="StringWorkerTest"/>
</testsuite> <!-- StringWorkerTest -->
